<?xml version="1.0" encoding="UTF-8"?>
<testng-results ignored="0" total="1" passed="1" failed="0" skipped="0">
  <reporter-output>
  </reporter-output>
  <suite started-at="2021-12-10T12:28:13 IST" name="Default suite" finished-at="2021-12-10T12:28:13 IST" duration-ms="122">
    <groups>
    </groups>
    <test started-at="2021-12-10T12:28:13 IST" name="Default test" finished-at="2021-12-10T12:28:13 IST" duration-ms="122">
      <class name="model3_sample.Model3mfgTest">
        <test-method signature="model3()[pri:0, instance:model3_sample.Model3mfgTest@3246fb96]" started-at="2021-12-10T12:28:13 IST" name="model3" finished-at="2021-12-10T12:28:13 IST" duration-ms="21" status="PASS">
          <reporter-output>
          </reporter-output>
        </test-method> <!-- model3 -->
      </class> <!-- model3_sample.Model3mfgTest -->
    </test> <!-- Default test -->
  </suite> <!-- Default suite -->
</testng-results>
